[0.778s] DEBUG:colcon:Command line arguments: ['/usr/bin/colcon', 'build', '--packages-select', 'orb_slam3_ros2']
[0.778s] DEBUG:colcon:Parsed command line arguments: Namespace(log_base=None, log_level=None, verb_name='build', build_base='build', install_base='install', merge_install=False, symlink_install=False, test_result_base=None, continue_on_error=False, executor='parallel', parallel_workers=12, event_handlers=None, ignore_user_meta=False, metas=['./colcon.meta'], base_paths=['.'], packages_ignore=None, packages_ignore_regex=None, paths=None, packages_up_to=None, packages_up_to_regex=None, packages_above=None, packages_above_and_dependencies=None, packages_above_depth=None, packages_select_by_dep=None, packages_skip_by_dep=None, packages_skip_up_to=None, packages_select_build_failed=False, packages_skip_build_finished=False, packages_select_test_failures=False, packages_skip_test_passed=False, packages_select=['orb_slam3_ros2'], packages_skip=None, packages_select_regex=None, packages_skip_regex=None, packages_start=None, packages_end=None, allow_overriding=[], cmake_args=None, cmake_target=None, cmake_target_skip_unavailable=False, cmake_clean_cache=False, cmake_clean_first=False, cmake_force_configure=False, ament_cmake_args=None, catkin_cmake_args=None, catkin_skip_building_tests=False, verb_parser=<colcon_defaults.argument_parser.defaults.DefaultArgumentsDecorator object at 0x7f014e521660>, verb_extension=<colcon_core.verb.build.BuildVerb object at 0x7f014e66a110>, main=<bound method BuildVerb.main of <colcon_core.verb.build.BuildVerb object at 0x7f014e66a110>>)
[0.813s] Level 1:colcon.colcon_core.package_discovery:discover_packages(colcon_meta) check parameters
[0.814s] Level 1:colcon.colcon_core.package_discovery:discover_packages(recursive) check parameters
[0.814s] Level 1:colcon.colcon_core.package_discovery:discover_packages(ignore) check parameters
[0.814s] Level 1:colcon.colcon_core.package_discovery:discover_packages(path) check parameters
[0.814s] Level 1:colcon.colcon_core.package_discovery:discover_packages(colcon_meta) discover
[0.814s] Level 1:colcon.colcon_core.package_discovery:discover_packages(recursive) discover
[0.814s] INFO:colcon.colcon_core.package_discovery:Crawling recursively for packages in '/home/tigerwife/ros2_ws/src/orb_slam3_ros2'
[0.814s] Level 1:colcon.colcon_core.package_identification:_identify(.) by extensions ['ignore', 'ignore_ament_install']
[0.814s] Level 1:colcon.colcon_core.package_identification:_identify(.) by extension 'ignore'
[0.814s] Level 1:colcon.colcon_core.package_identification:_identify(.) by extension 'ignore_ament_install'
[0.814s] Level 1:colcon.colcon_core.package_identification:_identify(.) by extensions ['colcon_pkg']
[0.814s] Level 1:colcon.colcon_core.package_identification:_identify(.) by extension 'colcon_pkg'
[0.814s] Level 1:colcon.colcon_core.package_identification:_identify(.) by extensions ['colcon_meta']
[0.814s] Level 1:colcon.colcon_core.package_identification:_identify(.) by extension 'colcon_meta'
[0.814s] Level 1:colcon.colcon_core.package_identification:_identify(.) by extensions ['ros']
[0.814s] Level 1:colcon.colcon_core.package_identification:_identify(.) by extension 'ros'
[0.823s] DEBUG:colcon.colcon_core.package_identification:Package '.' with type 'ros.ament_cmake' and name 'orb_slam3_ros2'
[0.823s] Level 1:colcon.colcon_core.package_discovery:discover_packages(recursive) using defaults
[0.823s] Level 1:colcon.colcon_core.package_discovery:discover_packages(ignore) discover
[0.823s] Level 1:colcon.colcon_core.package_discovery:discover_packages(ignore) using defaults
[0.823s] Level 1:colcon.colcon_core.package_discovery:discover_packages(path) discover
[0.823s] Level 1:colcon.colcon_core.package_discovery:discover_packages(path) using defaults
[0.893s] Level 1:colcon.colcon_core.package_discovery:discover_packages(prefix_path) check parameters
[0.894s] Level 1:colcon.colcon_core.package_discovery:discover_packages(prefix_path) discover
[0.918s] DEBUG:colcon.colcon_installed_package_information.package_discovery:Found 4 installed packages in /home/tigerwife/ros2_ws/install
[0.939s] DEBUG:colcon.colcon_installed_package_information.package_discovery:Found 270 installed packages in /opt/ros/humble
[0.940s] Level 1:colcon.colcon_core.package_discovery:discover_packages(prefix_path) using defaults
[1.006s] Level 5:colcon.colcon_core.verb:set package 'orb_slam3_ros2' build argument 'cmake_args' from command line to 'None'
[1.006s] Level 5:colcon.colcon_core.verb:set package 'orb_slam3_ros2' build argument 'cmake_target' from command line to 'None'
[1.006s] Level 5:colcon.colcon_core.verb:set package 'orb_slam3_ros2' build argument 'cmake_target_skip_unavailable' from command line to 'False'
[1.006s] Level 5:colcon.colcon_core.verb:set package 'orb_slam3_ros2' build argument 'cmake_clean_cache' from command line to 'False'
[1.006s] Level 5:colcon.colcon_core.verb:set package 'orb_slam3_ros2' build argument 'cmake_clean_first' from command line to 'False'
[1.006s] Level 5:colcon.colcon_core.verb:set package 'orb_slam3_ros2' build argument 'cmake_force_configure' from command line to 'False'
[1.006s] Level 5:colcon.colcon_core.verb:set package 'orb_slam3_ros2' build argument 'ament_cmake_args' from command line to 'None'
[1.006s] Level 5:colcon.colcon_core.verb:set package 'orb_slam3_ros2' build argument 'catkin_cmake_args' from command line to 'None'
[1.006s] Level 5:colcon.colcon_core.verb:set package 'orb_slam3_ros2' build argument 'catkin_skip_building_tests' from command line to 'False'
[1.007s] DEBUG:colcon.colcon_core.verb:Building package 'orb_slam3_ros2' with the following arguments: {'ament_cmake_args': None, 'build_base': '/home/tigerwife/ros2_ws/src/orb_slam3_ros2/build/orb_slam3_ros2', 'catkin_cmake_args': None, 'catkin_skip_building_tests': False, 'cmake_args': None, 'cmake_clean_cache': False, 'cmake_clean_first': False, 'cmake_force_configure': False, 'cmake_target': None, 'cmake_target_skip_unavailable': False, 'install_base': '/home/tigerwife/ros2_ws/src/orb_slam3_ros2/install/orb_slam3_ros2', 'merge_install': False, 'path': '/home/tigerwife/ros2_ws/src/orb_slam3_ros2', 'symlink_install': False, 'test_result_base': None}
[1.018s] INFO:colcon.colcon_core.executor:Executing jobs using 'parallel' executor
[1.031s] DEBUG:colcon.colcon_parallel_executor.executor.parallel:run_until_complete
[1.031s] INFO:colcon.colcon_ros.task.ament_cmake.build:Building ROS package in '/home/tigerwife/ros2_ws/src/orb_slam3_ros2' with build type 'ament_cmake'
[1.031s] INFO:colcon.colcon_cmake.task.cmake.build:Building CMake package in '/home/tigerwife/ros2_ws/src/orb_slam3_ros2'
[1.045s] INFO:colcon.colcon_core.plugin_system:Skipping extension 'colcon_core.shell.bat': Not used on non-Windows systems
[1.045s] INFO:colcon.colcon_core.shell:Skip shell extension 'powershell' for command environment: Not usable outside of PowerShell
[1.045s] DEBUG:colcon.colcon_core.shell:Skip shell extension 'dsv' for command environment
[1.088s] DEBUG:colcon.colcon_core.event_handler.log_command:Invoking command in '/home/tigerwife/ros2_ws/src/orb_slam3_ros2/build/orb_slam3_ros2': CMAKE_PREFIX_PATH=${CMAKE_PREFIX_PATH}:/home/tigerwife/ros2_ws/install/py_obj_detector_yolov5_ros2:/opt/ros/humble /home/tigerwife/.local/bin/cmake /home/tigerwife/ros2_ws/src/orb_slam3_ros2 -DCMAKE_INSTALL_PREFIX=/home/tigerwife/ros2_ws/src/orb_slam3_ros2/install/orb_slam3_ros2
[2.741s] DEBUG:colcon.colcon_core.event_handler.log_command:Invoked command in '/home/tigerwife/ros2_ws/src/orb_slam3_ros2/build/orb_slam3_ros2' returned '0': CMAKE_PREFIX_PATH=${CMAKE_PREFIX_PATH}:/home/tigerwife/ros2_ws/install/py_obj_detector_yolov5_ros2:/opt/ros/humble /home/tigerwife/.local/bin/cmake /home/tigerwife/ros2_ws/src/orb_slam3_ros2 -DCMAKE_INSTALL_PREFIX=/home/tigerwife/ros2_ws/src/orb_slam3_ros2/install/orb_slam3_ros2
[2.742s] DEBUG:colcon.colcon_core.event_handler.log_command:Invoking command in '/home/tigerwife/ros2_ws/src/orb_slam3_ros2/build/orb_slam3_ros2': CMAKE_PREFIX_PATH=${CMAKE_PREFIX_PATH}:/home/tigerwife/ros2_ws/install/py_obj_detector_yolov5_ros2:/opt/ros/humble /home/tigerwife/.local/bin/cmake --build /home/tigerwife/ros2_ws/src/orb_slam3_ros2/build/orb_slam3_ros2 -- -j12 -l12
[302.392s] DEBUG:colcon.colcon_core.event_handler.log_command:Invoked command in '/home/tigerwife/ros2_ws/src/orb_slam3_ros2/build/orb_slam3_ros2' returned '2': CMAKE_PREFIX_PATH=${CMAKE_PREFIX_PATH}:/home/tigerwife/ros2_ws/install/py_obj_detector_yolov5_ros2:/opt/ros/humble /home/tigerwife/.local/bin/cmake --build /home/tigerwife/ros2_ws/src/orb_slam3_ros2/build/orb_slam3_ros2 -- -j12 -l12
[302.655s] Level 1:colcon.colcon_core.environment:create_environment_scripts_only(orb_slam3_ros2)
[302.694s] Level 1:colcon.colcon_core.environment:checking '/home/tigerwife/ros2_ws/src/orb_slam3_ros2/install/orb_slam3_ros2' for CMake module files
[302.696s] Level 1:colcon.colcon_core.environment:checking '/home/tigerwife/ros2_ws/src/orb_slam3_ros2/install/orb_slam3_ros2' for CMake config files
[302.704s] Level 1:colcon.colcon_core.environment:checking '/home/tigerwife/ros2_ws/src/orb_slam3_ros2/install/orb_slam3_ros2/bin'
[302.704s] Level 1:colcon.colcon_core.environment:checking '/home/tigerwife/ros2_ws/src/orb_slam3_ros2/install/orb_slam3_ros2/lib/pkgconfig/orb_slam3_ros2.pc'
[302.710s] Level 1:colcon.colcon_core.environment:checking '/home/tigerwife/ros2_ws/src/orb_slam3_ros2/install/orb_slam3_ros2/lib/python3.10/site-packages'
[302.710s] Level 1:colcon.colcon_core.environment:checking '/home/tigerwife/ros2_ws/src/orb_slam3_ros2/install/orb_slam3_ros2/bin'
[302.739s] INFO:colcon.colcon_core.shell:Creating package script '/home/tigerwife/ros2_ws/src/orb_slam3_ros2/install/orb_slam3_ros2/share/orb_slam3_ros2/package.ps1'
[302.749s] INFO:colcon.colcon_core.shell:Creating package descriptor '/home/tigerwife/ros2_ws/src/orb_slam3_ros2/install/orb_slam3_ros2/share/orb_slam3_ros2/package.dsv'
[302.750s] INFO:colcon.colcon_core.shell:Creating package script '/home/tigerwife/ros2_ws/src/orb_slam3_ros2/install/orb_slam3_ros2/share/orb_slam3_ros2/package.sh'
[302.751s] INFO:colcon.colcon_core.shell:Creating package script '/home/tigerwife/ros2_ws/src/orb_slam3_ros2/install/orb_slam3_ros2/share/orb_slam3_ros2/package.bash'
[302.752s] INFO:colcon.colcon_core.shell:Creating package script '/home/tigerwife/ros2_ws/src/orb_slam3_ros2/install/orb_slam3_ros2/share/orb_slam3_ros2/package.zsh'
[302.753s] Level 1:colcon.colcon_core.environment:create_file_with_runtime_dependencies(/home/tigerwife/ros2_ws/src/orb_slam3_ros2/install/orb_slam3_ros2/share/colcon-core/packages/orb_slam3_ros2)
[302.769s] DEBUG:colcon.colcon_parallel_executor.executor.parallel:closing loop
[302.771s] DEBUG:colcon.colcon_parallel_executor.executor.parallel:loop closed
[302.772s] DEBUG:colcon.colcon_parallel_executor.executor.parallel:run_until_complete finished with '2'
[302.772s] DEBUG:colcon.colcon_core.event_reactor:joining thread
[302.910s] INFO:colcon.colcon_core.plugin_system:Skipping extension 'colcon_notification.desktop_notification.terminal_notifier': Not used on non-Darwin systems
[302.910s] INFO:colcon.colcon_core.plugin_system:Skipping extension 'colcon_notification.desktop_notification.win32': Not used on non-Windows systems
[302.910s] INFO:colcon.colcon_notification.desktop_notification:Sending desktop notification using 'notify2'
[302.944s] DEBUG:colcon.colcon_core.event_reactor:joined thread
[302.958s] INFO:colcon.colcon_core.shell:Creating prefix script '/home/tigerwife/ros2_ws/src/orb_slam3_ros2/install/local_setup.ps1'
[302.959s] INFO:colcon.colcon_core.shell:Creating prefix util module '/home/tigerwife/ros2_ws/src/orb_slam3_ros2/install/_local_setup_util_ps1.py'
[302.961s] INFO:colcon.colcon_core.shell:Creating prefix chain script '/home/tigerwife/ros2_ws/src/orb_slam3_ros2/install/setup.ps1'
[302.976s] INFO:colcon.colcon_core.shell:Creating prefix script '/home/tigerwife/ros2_ws/src/orb_slam3_ros2/install/local_setup.sh'
[302.976s] INFO:colcon.colcon_core.shell:Creating prefix util module '/home/tigerwife/ros2_ws/src/orb_slam3_ros2/install/_local_setup_util_sh.py'
[302.977s] INFO:colcon.colcon_core.shell:Creating prefix chain script '/home/tigerwife/ros2_ws/src/orb_slam3_ros2/install/setup.sh'
[302.989s] INFO:colcon.colcon_core.shell:Creating prefix script '/home/tigerwife/ros2_ws/src/orb_slam3_ros2/install/local_setup.bash'
[302.990s] INFO:colcon.colcon_core.shell:Creating prefix chain script '/home/tigerwife/ros2_ws/src/orb_slam3_ros2/install/setup.bash'
[303.002s] INFO:colcon.colcon_core.shell:Creating prefix script '/home/tigerwife/ros2_ws/src/orb_slam3_ros2/install/local_setup.zsh'
[303.003s] INFO:colcon.colcon_core.shell:Creating prefix chain script '/home/tigerwife/ros2_ws/src/orb_slam3_ros2/install/setup.zsh'
