[0.043s] Invoking command in '/home/tigerwife/ros2_ws/src/orb_slam3_ros2/build/orb_slam3_ros2': CMAKE_PREFIX_PATH=${CMAKE_PREFIX_PATH}:/home/tigerwife/ros2_ws/install/py_obj_detector_yolov5_ros2:/opt/ros/humble /home/tigerwife/.local/bin/cmake --build /home/tigerwife/ros2_ws/src/orb_slam3_ros2/build/orb_slam3_ros2 -- -j12 -l12
[0.079s] -- Using flag -std=c++17.
[0.080s] -- Found ament_cmake: 1.3.6 (/opt/ros/humble/share/ament_cmake/cmake)
[0.236s] -- Found rclcpp: 16.0.7 (/opt/ros/humble/share/rclcpp/cmake)
[0.270s] -- Found rosidl_generator_c: 3.1.5 (/opt/ros/humble/share/rosidl_generator_c/cmake)
[0.273s] -- Found rosidl_adapter: 3.1.5 (/opt/ros/humble/share/rosidl_adapter/cmake)
[0.281s] -- Found rosidl_generator_cpp: 3.1.5 (/opt/ros/humble/share/rosidl_generator_cpp/cmake)
[0.293s] -- Using all available rosidl_typesupport_c: rosidl_typesupport_fastrtps_c;rosidl_typesupport_introspection_c
[0.309s] -- Using all available rosidl_typesupport_cpp: rosidl_typesupport_fastrtps_cpp;rosidl_typesupport_introspection_cpp
[0.365s] -- Found rmw_implementation_cmake: 6.1.1 (/opt/ros/humble/share/rmw_implementation_cmake/cmake)
[0.367s] -- Found rmw_fastrtps_cpp: 6.2.5 (/opt/ros/humble/share/rmw_fastrtps_cpp/cmake)
[0.474s] -- Using RMW implementation 'rmw_fastrtps_cpp' as default
[0.610s] -- Found sensor_msgs: 4.2.3 (/opt/ros/humble/share/sensor_msgs/cmake)
[0.720s] -- Configuring incomplete, errors occurred!
[0.720s] [31mCMake Error at CMakeLists.txt:31 (find_package):
[0.720s]   By not providing "Findcustom_msg_interface.cmake" in CMAKE_MODULE_PATH this
[0.720s]   project has asked CMake to find a package configuration file provided by
[0.721s]   "custom_msg_interface", but CMake did not find one.
[0.721s] 
[0.721s]   Could not find a package configuration file provided by
[0.721s]   "custom_msg_interface" with any of the following names:
[0.721s] 
[0.721s]     custom_msg_interfaceConfig.cmake
[0.721s]     custom_msg_interface-config.cmake
[0.721s] 
[0.721s]   Add the installation prefix of "custom_msg_interface" to CMAKE_PREFIX_PATH
[0.721s]   or set "custom_msg_interface_DIR" to a directory containing one of the
[0.721s]   above files.  If "custom_msg_interface" provides a separate development
[0.721s]   package or SDK, be sure it has been installed.
[0.721s] 
[0.721s] [0m
[0.724s] gmake: *** [Makefile:1091: cmake_check_build_system] Error 1
[0.729s] Invoked command in '/home/tigerwife/ros2_ws/src/orb_slam3_ros2/build/orb_slam3_ros2' returned '2': CMAKE_PREFIX_PATH=${CMAKE_PREFIX_PATH}:/home/tigerwife/ros2_ws/install/py_obj_detector_yolov5_ros2:/opt/ros/humble /home/tigerwife/.local/bin/cmake --build /home/tigerwife/ros2_ws/src/orb_slam3_ros2/build/orb_slam3_ros2 -- -j12 -l12
