[0mPangolin libraries: pango_core;pango_display;pango_geometry;pango_glgeometry;pango_image;pango_opengl;pango_packetstream;pango_plot;pango_python;pango_scene;pango_tools;pango_vars;pango_video;pango_windowing;tinyobj[0m
gmake[2]: *** [CMakeFiles/orb_slam3_ros2.dir/build.make:724: CMakeFiles/orb_slam3_ros2.dir/depend] Interrupt
gmake[1]: *** [CMakeFiles/Makefile2:138: CMakeFiles/orb_slam3_ros2.dir/all] Interrupt
gmake: *** [Makefile:146: all] Interrupt
Traceback (most recent call last):
  File "/home/tigerwife/.local/bin/cmake", line 8, in <module>
    sys.exit(cmake())
  File "/home/tigerwife/.local/lib/python3.10/site-packages/cmake/__init__.py", line 43, in cmake
    raise SystemExit(_program('cmake', sys.argv[1:]))
  File "/home/tigerwife/.local/lib/python3.10/site-packages/cmake/__init__.py", line 39, in _program
    return subprocess.call([os.path.join(CMAKE_BIN_DIR, name)] + args, close_fds=False)
  File "/usr/lib/python3.10/subprocess.py", line 347, in call
    return p.wait(timeout=timeout)
  File "/usr/lib/python3.10/subprocess.py", line 1209, in wait
    return self._wait(timeout=timeout)
  File "/usr/lib/python3.10/subprocess.py", line 1959, in _wait
    (pid, sts) = self._try_wait(0)
  File "/usr/lib/python3.10/subprocess.py", line 1917, in _try_wait
    (pid, sts) = os.waitpid(self.pid, wait_flags)
KeyboardInterrupt
