[0.056s] Invoking command in '/home/tigerwife/ros2_ws/src/orb_slam3_ros2/build/orb_slam3_ros2': CMAKE_PREFIX_PATH=${CMAKE_PREFIX_PATH}:/home/tigerwife/ros2_ws/install/py_obj_detector_yolov5_ros2:/opt/ros/humble /home/tigerwife/.local/bin/cmake --build /home/tigerwife/ros2_ws/src/orb_slam3_ros2/build/orb_slam3_ros2 -- -j12 -l12
[0.089s] -- Using flag -std=c++17.
[0.090s] -- Found ament_cmake: 1.3.6 (/opt/ros/humble/share/ament_cmake/cmake)
[0.246s] -- Found rclcpp: 16.0.7 (/opt/ros/humble/share/rclcpp/cmake)
[0.278s] -- Found rosidl_generator_c: 3.1.5 (/opt/ros/humble/share/rosidl_generator_c/cmake)
[0.281s] -- Found rosidl_adapter: 3.1.5 (/opt/ros/humble/share/rosidl_adapter/cmake)
[0.288s] -- Found rosidl_generator_cpp: 3.1.5 (/opt/ros/humble/share/rosidl_generator_cpp/cmake)
[0.300s] -- Using all available rosidl_typesupport_c: rosidl_typesupport_fastrtps_c;rosidl_typesupport_introspection_c
[0.315s] -- Using all available rosidl_typesupport_cpp: rosidl_typesupport_fastrtps_cpp;rosidl_typesupport_introspection_cpp
[0.370s] -- Found rmw_implementation_cmake: 6.1.1 (/opt/ros/humble/share/rmw_implementation_cmake/cmake)
[0.372s] -- Found rmw_fastrtps_cpp: 6.2.5 (/opt/ros/humble/share/rmw_fastrtps_cpp/cmake)
[0.485s] -- Using RMW implementation 'rmw_fastrtps_cpp' as default
[0.622s] -- Found sensor_msgs: 4.2.3 (/opt/ros/humble/share/sensor_msgs/cmake)
[0.724s] -- Found custom_msg_interface: 1.0.0 (/home/tigerwife/ros2_ws/install/custom_msg_interface/share/custom_msg_interface/cmake)
[0.792s] -- Found cv_bridge: 3.2.1 (/opt/ros/humble/share/cv_bridge/cmake)
[0.812s] [0mPangolin libraries: pango_core;pango_display;pango_geometry;pango_glgeometry;pango_image;pango_opengl;pango_packetstream;pango_plot;pango_python;pango_scene;pango_tools;pango_vars;pango_video;pango_windowing;tinyobj[0m
[0.812s] -- Found image_transport: 3.1.7 (/opt/ros/humble/share/image_transport/cmake)
[0.903s] -- Configuring done (0.8s)
[0.943s] -- Generating done (0.0s)
[0.945s] -- Build files have been written to: /home/tigerwife/ros2_ws/src/orb_slam3_ros2/build/orb_slam3_ros2
[1.065s] gmake[2]: *** [CMakeFiles/orb_slam3_ros2.dir/build.make:724: CMakeFiles/orb_slam3_ros2.dir/depend] Interrupt
[1.065s] gmake[1]: *** [CMakeFiles/Makefile2:138: CMakeFiles/orb_slam3_ros2.dir/all] Interrupt
[1.065s] gmake: *** [Makefile:146: all] Interrupt
[1.067s] Traceback (most recent call last):
[1.067s]   File "/home/tigerwife/.local/bin/cmake", line 8, in <module>
[1.067s]     sys.exit(cmake())
[1.067s]   File "/home/tigerwife/.local/lib/python3.10/site-packages/cmake/__init__.py", line 43, in cmake
[1.067s]     raise SystemExit(_program('cmake', sys.argv[1:]))
[1.067s]   File "/home/tigerwife/.local/lib/python3.10/site-packages/cmake/__init__.py", line 39, in _program
[1.067s]     return subprocess.call([os.path.join(CMAKE_BIN_DIR, name)] + args, close_fds=False)
[1.067s]   File "/usr/lib/python3.10/subprocess.py", line 347, in call
[1.067s]     return p.wait(timeout=timeout)
[1.067s]   File "/usr/lib/python3.10/subprocess.py", line 1209, in wait
[1.068s]     return self._wait(timeout=timeout)
[1.068s]   File "/usr/lib/python3.10/subprocess.py", line 1959, in _wait
[1.068s]     (pid, sts) = self._try_wait(0)
[1.068s]   File "/usr/lib/python3.10/subprocess.py", line 1917, in _try_wait
[1.068s]     (pid, sts) = os.waitpid(self.pid, wait_flags)
[1.068s] KeyboardInterrupt
[1.072s] Invoked command in '/home/tigerwife/ros2_ws/src/orb_slam3_ros2/build/orb_slam3_ros2' returned '-2': CMAKE_PREFIX_PATH=${CMAKE_PREFIX_PATH}:/home/tigerwife/ros2_ws/install/py_obj_detector_yolov5_ros2:/opt/ros/humble /home/tigerwife/.local/bin/cmake --build /home/tigerwife/ros2_ws/src/orb_slam3_ros2/build/orb_slam3_ros2 -- -j12 -l12
