[ 90%] Built target orb_slam3_ros2
[ 93%] [32m[1mLinking CXX executable agent0[0m
/usr/bin/ld: warning: libGLEW.so.2.1, needed by /home/tigerwife/Downloads/Pangolin/build/libpango_display.so, not found (try using -rpath or -rpath-link)
/usr/bin/ld: warning: libIlmImf-2_3.so.24, needed by /home/tigerwife/Downloads/Pangolin/build/libpango_image.so, not found (try using -rpath or -rpath-link)
/usr/bin/ld: /home/tigerwife/Downloads/Pangolin/build/libpango_image.so: undefined reference to `Imf_2_3::FrameBuffer::insert(char const*, Imf_2_3::Slice const&)'
/usr/bin/ld: /home/tigerwife/Downloads/Pangolin/build/libpango_image.so: undefined reference to `Imf_2_3::OutputFile::setFrameBuffer(Imf_2_3::FrameBuffer const&)'
/usr/bin/ld: /home/tigerwife/Downloads/Pangolin/build/libpango_image.so: undefined reference to `Imf_2_3::OutputFile::OutputFile(char const*, Imf_2_3::Header const&, int)'
/usr/bin/ld: /home/tigerwife/Downloads/Pangolin/build/libpango_image.so: undefined reference to `Imf_2_3::InputFile::setFrameBuffer(Imf_2_3::FrameBuffer const&)'
/usr/bin/ld: /home/tigerwife/Downloads/Pangolin/build/libpango_image.so: undefined reference to `Imf_2_3::Channel::Channel(Imf_2_3::PixelType, int, int, bool)'
/usr/bin/ld: /home/tigerwife/Downloads/Pangolin/build/libpango_image.so: undefined reference to `Imf_2_3::InputFile::header() const'
/usr/bin/ld: /home/tigerwife/Downloads/Pangolin/build/libpango_image.so: undefined reference to `Imf_2_3::ChannelList::end() const'
/usr/bin/ld: /home/tigerwife/Downloads/Pangolin/build/libpango_image.so: undefined reference to `Imf_2_3::Header::~Header()'
/usr/bin/ld: /home/tigerwife/Downloads/Pangolin/build/libpango_image.so: undefined reference to `Imf_2_3::InputFile::~InputFile()'
/usr/bin/ld: /home/tigerwife/Downloads/Pangolin/build/libpango_image.so: undefined reference to `Imf_2_3::Slice::Slice(Imf_2_3::PixelType, char*, unsigned long, unsigned long, int, int, double, bool, bool)'
/usr/bin/ld: /home/tigerwife/Downloads/Pangolin/build/libpango_image.so: undefined reference to `Imf_2_3::OutputFile::~OutputFile()'
/usr/bin/ld: /home/tigerwife/Downloads/Pangolin/build/libpango_image.so: undefined reference to `Imf_2_3::InputFile::isComplete() const'
/usr/bin/ld: /home/tigerwife/Downloads/Pangolin/build/libpango_image.so: undefined reference to `Imf_2_3::InputFile::InputFile(Imf_2_3::IStream&, int)'
/usr/bin/ld: /home/tigerwife/Downloads/Pangolin/build/libpango_image.so: undefined reference to `Imf_2_3::IStream::IStream(char const*)'
/usr/bin/ld: /home/tigerwife/Downloads/Pangolin/build/libpango_image.so: undefined reference to `Imf_2_3::ChannelList::insert(char const*, Imf_2_3::Channel const&)'
/usr/bin/ld: /home/tigerwife/Downloads/Pangolin/build/libpango_image.so: undefined reference to `Imf_2_3::OutputFile::writePixels(int)'
/usr/bin/ld: /home/tigerwife/Downloads/Pangolin/build/libpango_image.so: undefined reference to `Imf_2_3::IStream::isMemoryMapped() const'
/usr/bin/ld: /home/tigerwife/Downloads/Pangolin/build/libpango_image.so: undefined reference to `Imf_2_3::Header::channels()'
/usr/bin/ld: /home/tigerwife/Downloads/Pangolin/build/libpango_image.so: undefined reference to `Imf_2_3::Header::Header(int, int, float, Imath_2_3::Vec2<float> const&, float, Imf_2_3::LineOrder, Imf_2_3::Compression)'
/usr/bin/ld: /home/tigerwife/Downloads/Pangolin/build/libpango_image.so: undefined reference to `Imf_2_3::Header::channels() const'
/usr/bin/ld: /home/tigerwife/Downloads/Pangolin/build/libpango_image.so: undefined reference to `Imf_2_3::ChannelList::begin() const'
/usr/bin/ld: /home/tigerwife/Downloads/Pangolin/build/libpango_image.so: undefined reference to `Imf_2_3::InputFile::readPixels(int, int)'
/usr/bin/ld: /home/tigerwife/Downloads/Pangolin/build/libpango_image.so: undefined reference to `Imf_2_3::globalThreadCount()'
/usr/bin/ld: /home/tigerwife/Downloads/Pangolin/build/libpango_image.so: undefined reference to `Imf_2_3::Header::dataWindow() const'
/usr/bin/ld: /home/tigerwife/Downloads/Pangolin/build/libpango_image.so: undefined reference to `Imf_2_3::IStream::~IStream()'
/usr/bin/ld: /home/tigerwife/Downloads/Pangolin/build/libpango_image.so: undefined reference to `Imf_2_3::ChannelList::findChannel(char const*)'
/usr/bin/ld: /home/tigerwife/Downloads/Pangolin/build/libpango_image.so: undefined reference to `typeinfo for Imf_2_3::IStream'
/usr/bin/ld: /home/tigerwife/Downloads/Pangolin/build/libpango_image.so: undefined reference to `Imf_2_3::IStream::readMemoryMapped(int)'
collect2: error: ld returned 1 exit status
gmake[2]: *** [CMakeFiles/agent0.dir/build.make:278: agent0] Error 1
gmake[1]: *** [CMakeFiles/Makefile2:165: CMakeFiles/agent0.dir/all] Error 2
gmake: *** [Makefile:146: all] Error 2
