-- Using flag -std=c++17.
-- Found ament_cmake: 1.3.6 (/opt/ros/humble/share/ament_cmake/cmake)
-- Found rclcpp: 16.0.7 (/opt/ros/humble/share/rclcpp/cmake)
-- Found rosidl_generator_c: 3.1.5 (/opt/ros/humble/share/rosidl_generator_c/cmake)
-- Found rosidl_adapter: 3.1.5 (/opt/ros/humble/share/rosidl_adapter/cmake)
-- Found rosidl_generator_cpp: 3.1.5 (/opt/ros/humble/share/rosidl_generator_cpp/cmake)
-- Using all available rosidl_typesupport_c: rosidl_typesupport_fastrtps_c;rosidl_typesupport_introspection_c
-- Using all available rosidl_typesupport_cpp: rosidl_typesupport_fastrtps_cpp;rosidl_typesupport_introspection_cpp
-- Found rmw_implementation_cmake: 6.1.1 (/opt/ros/humble/share/rmw_implementation_cmake/cmake)
-- Found rmw_fastrtps_cpp: 6.2.5 (/opt/ros/humble/share/rmw_fastrtps_cpp/cmake)
-- Using RMW implementation 'rmw_fastrtps_cpp' as default
-- Found sensor_msgs: 4.2.3 (/opt/ros/humble/share/sensor_msgs/cmake)
-- Found custom_msg_interface: 1.0.0 (/home/tigerwife/ros2_ws/install/custom_msg_interface/share/custom_msg_interface/cmake)
-- Found cv_bridge: 3.2.1 (/opt/ros/humble/share/cv_bridge/cmake)
-- Found image_transport: 3.1.7 (/opt/ros/humble/share/image_transport/cmake)
-- Configuring done (0.8s)
-- Generating done (0.0s)
-- Build files have been written to: /home/tigerwife/ros2_ws/src/orb_slam3_ros2/build/orb_slam3_ros2
[  3%] [32mBuilding CXX object CMakeFiles/orb_slam3_ros2.dir/orb_slam3/src/System.cc.o[0m
[  6%] [32mBuilding CXX object CMakeFiles/orb_slam3_ros2.dir/orb_slam3/src/Tracking.cc.o[0m
[  9%] [32mBuilding CXX object CMakeFiles/orb_slam3_ros2.dir/orb_slam3/src/LocalMapping.cc.o[0m
[ 15%] [32mBuilding CXX object CMakeFiles/orb_slam3_ros2.dir/orb_slam3/src/LoopClosing.cc.o[0m
[ 15%] [32mBuilding CXX object CMakeFiles/orb_slam3_ros2.dir/orb_slam3/src/ORBextractor.cc.o[0m
[ 18%] [32mBuilding CXX object CMakeFiles/orb_slam3_ros2.dir/orb_slam3/src/ORBmatcher.cc.o[0m
[ 21%] [32mBuilding CXX object CMakeFiles/orb_slam3_ros2.dir/orb_slam3/src/FrameDrawer.cc.o[0m
[ 24%] [32mBuilding CXX object CMakeFiles/orb_slam3_ros2.dir/orb_slam3/src/Converter.cc.o[0m
[ 27%] [32mBuilding CXX object CMakeFiles/orb_slam3_ros2.dir/orb_slam3/src/MapPoint.cc.o[0m
[ 30%] [32mBuilding CXX object CMakeFiles/orb_slam3_ros2.dir/orb_slam3/src/KeyFrame.cc.o[0m
[ 33%] [32mBuilding CXX object CMakeFiles/orb_slam3_ros2.dir/orb_slam3/src/Atlas.cc.o[0m
[ 36%] [32mBuilding CXX object CMakeFiles/orb_slam3_ros2.dir/orb_slam3/src/Map.cc.o[0m
[ 39%] [32mBuilding CXX object CMakeFiles/orb_slam3_ros2.dir/orb_slam3/src/MapDrawer.cc.o[0m
[ 42%] [32mBuilding CXX object CMakeFiles/orb_slam3_ros2.dir/orb_slam3/src/Optimizer.cc.o[0m
[ 45%] [32mBuilding CXX object CMakeFiles/orb_slam3_ros2.dir/orb_slam3/src/Frame.cc.o[0m
[ 48%] [32mBuilding CXX object CMakeFiles/orb_slam3_ros2.dir/orb_slam3/src/KeyFrameDatabase.cc.o[0m
[ 51%] [32mBuilding CXX object CMakeFiles/orb_slam3_ros2.dir/orb_slam3/src/Sim3Solver.cc.o[0m
[ 54%] [32mBuilding CXX object CMakeFiles/orb_slam3_ros2.dir/orb_slam3/src/Viewer.cc.o[0m
[ 57%] [32mBuilding CXX object CMakeFiles/orb_slam3_ros2.dir/orb_slam3/src/ImuTypes.cc.o[0m
[ 60%] [32mBuilding CXX object CMakeFiles/orb_slam3_ros2.dir/orb_slam3/src/G2oTypes.cc.o[0m
[ 63%] [32mBuilding CXX object CMakeFiles/orb_slam3_ros2.dir/orb_slam3/src/CameraModels/Pinhole.cpp.o[0m
[ 66%] [32mBuilding CXX object CMakeFiles/orb_slam3_ros2.dir/orb_slam3/src/CameraModels/KannalaBrandt8.cpp.o[0m
[ 69%] [32mBuilding CXX object CMakeFiles/orb_slam3_ros2.dir/orb_slam3/src/OptimizableTypes.cpp.o[0m
[ 72%] [32mBuilding CXX object CMakeFiles/orb_slam3_ros2.dir/orb_slam3/src/MLPnPsolver.cpp.o[0m
[ 75%] [32mBuilding CXX object CMakeFiles/orb_slam3_ros2.dir/orb_slam3/src/GeometricTools.cc.o[0m
[ 78%] [32mBuilding CXX object CMakeFiles/orb_slam3_ros2.dir/orb_slam3/src/TwoViewReconstruction.cc.o[0m
[ 81%] [32mBuilding CXX object CMakeFiles/orb_slam3_ros2.dir/orb_slam3/src/Config.cc.o[0m
[ 84%] [32mBuilding CXX object CMakeFiles/orb_slam3_ros2.dir/orb_slam3/src/Settings.cc.o[0m
[ 87%] [32mBuilding CXX object CMakeFiles/orb_slam3_ros2.dir/orb_slam3/src/SystemUtils.cc.o[0m
[ 90%] [32m[1mLinking CXX shared library liborb_slam3_ros2.so[0m
[ 90%] Built target orb_slam3_ros2
[ 93%] [32mBuilding CXX object CMakeFiles/agent0.dir/src/agent0.cpp.o[0m
[ 96%] [32mBuilding CXX object CMakeFiles/agent0.dir/src/robot_slam.cpp.o[0m
[100%] [32m[1mLinking CXX executable agent0[0m
